[debug] [2023-12-11T00:46:12.383Z] ----------------------------------------------------------------------
[debug] [2023-12-11T00:46:12.386Z] Command:       C:\Program Files\nodejs\node.exe C:\Users\ADMIN\AppData\Roaming\npm\node_modules\firebase-tools\lib\bin\firebase.js deploy
[debug] [2023-12-11T00:46:12.387Z] CLI Version:   13.0.1
[debug] [2023-12-11T00:46:12.388Z] Platform:      win32
[debug] [2023-12-11T00:46:12.388Z] Node Version:  v18.2.0
[debug] [2023-12-11T00:46:12.395Z] Time:          Mon Dec 11 2023 08:46:12 GMT+0800 (Philippine Standard Time)
[debug] [2023-12-11T00:46:12.395Z] ----------------------------------------------------------------------
[debug] 
[debug] [2023-12-11T00:46:12.521Z] > command requires scopes: ["email","openid","https://www.googleapis.com/auth/cloudplatformprojects.readonly","https://www.googleapis.com/auth/firebase","https://www.googleapis.com/auth/cloud-platform"]
[debug] [2023-12-11T00:46:12.522Z] > authorizing via signed-in user (kaonashi560@gmail.com)
[debug] [2023-12-11T00:46:12.522Z] [iam] checking project portfolio-0-point-1 for permissions ["firebase.projects.get","firebasehosting.sites.update"]
[debug] [2023-12-11T00:46:12.526Z] >>> [apiv2][query] POST https://cloudresourcemanager.googleapis.com/v1/projects/portfolio-0-point-1:testIamPermissions [none]
[debug] [2023-12-11T00:46:12.526Z] >>> [apiv2][(partial)header] POST https://cloudresourcemanager.googleapis.com/v1/projects/portfolio-0-point-1:testIamPermissions x-goog-quota-user=projects/portfolio-0-point-1
[debug] [2023-12-11T00:46:12.526Z] >>> [apiv2][body] POST https://cloudresourcemanager.googleapis.com/v1/projects/portfolio-0-point-1:testIamPermissions {"permissions":["firebase.projects.get","firebasehosting.sites.update"]}
[debug] [2023-12-11T00:46:33.500Z] <<< [apiv2][status] POST https://cloudresourcemanager.googleapis.com/v1/projects/portfolio-0-point-1:testIamPermissions 200
[debug] [2023-12-11T00:46:33.500Z] <<< [apiv2][body] POST https://cloudresourcemanager.googleapis.com/v1/projects/portfolio-0-point-1:testIamPermissions {"permissions":["firebase.projects.get","firebasehosting.sites.update"]}
[debug] [2023-12-11T00:46:33.502Z] >>> [apiv2][query] GET https://firebase.googleapis.com/v1beta1/projects/portfolio-0-point-1 [none]
[debug] [2023-12-11T00:46:38.953Z] <<< [apiv2][status] GET https://firebase.googleapis.com/v1beta1/projects/portfolio-0-point-1 200
[debug] [2023-12-11T00:46:38.954Z] <<< [apiv2][body] GET https://firebase.googleapis.com/v1beta1/projects/portfolio-0-point-1 {"projectId":"portfolio-0-point-1","projectNumber":"353528483337","displayName":"Portfolio-0-point-1","name":"projects/portfolio-0-point-1","resources":{"hostingSite":"portfolio-0-point-1"},"state":"ACTIVE","etag":"1_aecb9a32-05b0-4394-ba7f-6512f4da90da"}
[info] 
[info] === Deploying to 'portfolio-0-point-1'...
[info] 
[info] i  deploying hosting 
[debug] [2023-12-11T00:46:38.983Z] >>> [apiv2][query] POST https://firebasehosting.googleapis.com/v1beta1/projects/-/sites/portfolio-0-point-1/versions [none]
[debug] [2023-12-11T00:46:38.983Z] >>> [apiv2][body] POST https://firebasehosting.googleapis.com/v1beta1/projects/-/sites/portfolio-0-point-1/versions {"status":"CREATED","labels":{"deployment-tool":"cli-firebase"}}
[debug] [2023-12-11T00:46:46.542Z] <<< [apiv2][status] POST https://firebasehosting.googleapis.com/v1beta1/projects/-/sites/portfolio-0-point-1/versions 200
[debug] [2023-12-11T00:46:46.542Z] <<< [apiv2][body] POST https://firebasehosting.googleapis.com/v1beta1/projects/-/sites/portfolio-0-point-1/versions {"name":"projects/353528483337/sites/portfolio-0-point-1/versions/5e4c6e94db917f39","status":"CREATED","config":{},"labels":{"deployment-tool":"cli-firebase"}}
[info] i  hosting[portfolio-0-point-1]: beginning deploy... 
[info] i  hosting[portfolio-0-point-1]: found 21 files in build 
[debug] [2023-12-11T00:46:46.580Z] [hosting] uploading with 200 concurrency
[debug] [2023-12-11T00:46:46.820Z] [hosting] hash cache [YnVpbGQ] stored for 21 files
[debug] [2023-12-11T00:46:46.821Z] [hosting][hash queue][FINAL] {"max":219,"min":10,"avg":30.61904761904762,"active":0,"complete":21,"success":21,"errored":0,"retried":0,"total":21,"elapsed":235}
[debug] [2023-12-11T00:46:46.822Z] >>> [apiv2][query] POST https://firebasehosting.googleapis.com/v1beta1/projects/353528483337/sites/portfolio-0-point-1/versions/5e4c6e94db917f39:populateFiles [none]
[debug] [2023-12-11T00:46:46.822Z] >>> [apiv2][body] POST https://firebasehosting.googleapis.com/v1beta1/projects/353528483337/sites/portfolio-0-point-1/versions/5e4c6e94db917f39:populateFiles {"files":{"/favicon.ico":"eae62e993eb980ec8a25058c39d5a51feab118bd2100c4deebb2a9c158ec11f9","/logo192.png":"3ee59515172ee198f3be375979df15ac5345183e656720a381b8872b2a39dc8b","/logo512.png":"ee7e2f3fdb8209c4b6fd7bef6ba50d1b9dba30a25bb5c3126df057e1cb6f5331","/manifest.json":"0a838bcbe410578b2e5bc530c4313180f238b99acc1fe0faf013ecfe7ba24847","/robots.txt":"bfe106a3fb878dc83461c86818bf74fc1bdc7f28538ba613cd3e775516ce8b49","/sushi.jpg":"bf49e3ef5fd7a7acb965185e8aad2412e75d548e2626abd8e58c9a615f2384f1","/sushi.png":"3ee800ce3edb21e6caf6c19d134563775d029be0129180897f94b7f6e17feba7","/sushi.webp":"efc30561d4945d9e508509e99a80024604bb45beda2bd827687c3c602ada697a","/asset-manifest.json":"13a4dd4938e59ea4563b848cf2645b3bf71bbb9edf156343868ccc28acfbb988","/index.html":"3ab22ec37698a2d8829f1764c161b2159000276010f164eb267cc0a1a979c826","/static/js/787.7da95b79.chunk.js":"448bb33db32d41f543f002483ca11ec8e9643f314630e70a6068ff9fa154a300","/static/css/main.64738291.css.map":"4aa5547970447676de09a2f53b2d48ae8e88a285090e28a2c605f755e468bd2d","/static/css/main.64738291.css":"e08bf22af946cc21a9b9a1e9b08460b3ef2fe8c2fbf711426ca4594ed31daade","/static/js/main.b9ce1098.js.LICENSE.txt":"ecfb385396642b880237407fc250fc9cc4f171e674c26786acb0162c5d9476dd","/static/js/787.7da95b79.chunk.js.map":"1a27a460707f3c8d0f85529199072c14934521d4321b6cc7839a764fea10ebf6","/static/media/logo.6ce24c58023cc2f8fd88fe9d219db6c6.svg":"ac1a3d8899432561573d6a5cf56459437c09b902599a1deb91c0f8d4bb40459d","/static/media/tictactoe.330e01825641b16de869.png":"2fda5565823a2ddfa167ead976067541da3abaa091e12f981b153fd246689ee4","/static/media/interpret.4a5fe424342f9a1729da.png":"d1f8743270f1144acb847a02a383eca91613ebd0dee209e767658811f0cb37e9","/static/js/main.b9ce1098.js":"2af72f9e194d7de2d3ad58c5e60950d8c5f811f9494fe76741007e9fb354de8e","/static/media/e-commerce.a1975c9f883a77b4d577.png":"112dad1044fa6205fda734cbdc8d545bb7ef2b1f8c3dae7b0a2b8ce603f30082","/static/js/main.b9ce1098.js.map":"e2716d7ba410eb60918f6ab362b6faea8cee065e47a1bc11b026f54532bba6ae"}}
[debug] [2023-12-11T00:46:49.297Z] <<< [apiv2][status] POST https://firebasehosting.googleapis.com/v1beta1/projects/353528483337/sites/portfolio-0-point-1/versions/5e4c6e94db917f39:populateFiles 200
[debug] [2023-12-11T00:46:49.297Z] <<< [apiv2][body] POST https://firebasehosting.googleapis.com/v1beta1/projects/353528483337/sites/portfolio-0-point-1/versions/5e4c6e94db917f39:populateFiles {"uploadRequiredHashes":["2af72f9e194d7de2d3ad58c5e60950d8c5f811f9494fe76741007e9fb354de8e","e2716d7ba410eb60918f6ab362b6faea8cee065e47a1bc11b026f54532bba6ae","13a4dd4938e59ea4563b848cf2645b3bf71bbb9edf156343868ccc28acfbb988","3ab22ec37698a2d8829f1764c161b2159000276010f164eb267cc0a1a979c826","4aa5547970447676de09a2f53b2d48ae8e88a285090e28a2c605f755e468bd2d","e08bf22af946cc21a9b9a1e9b08460b3ef2fe8c2fbf711426ca4594ed31daade"],"uploadUrl":"https://upload-firebasehosting.googleapis.com/upload/sites/portfolio-0-point-1/versions/5e4c6e94db917f39/files"}
[debug] [2023-12-11T00:46:49.301Z] >>> [apiv2][query] POST https://upload-firebasehosting.googleapis.com/upload/sites/portfolio-0-point-1/versions/5e4c6e94db917f39/files/2af72f9e194d7de2d3ad58c5e60950d8c5f811f9494fe76741007e9fb354de8e [none]
[debug] [2023-12-11T00:46:49.301Z] >>> [apiv2][body] POST https://upload-firebasehosting.googleapis.com/upload/sites/portfolio-0-point-1/versions/5e4c6e94db917f39/files/2af72f9e194d7de2d3ad58c5e60950d8c5f811f9494fe76741007e9fb354de8e [stream]
[debug] [2023-12-11T00:46:49.304Z] >>> [apiv2][query] POST https://upload-firebasehosting.googleapis.com/upload/sites/portfolio-0-point-1/versions/5e4c6e94db917f39/files/e2716d7ba410eb60918f6ab362b6faea8cee065e47a1bc11b026f54532bba6ae [none]
[debug] [2023-12-11T00:46:49.304Z] >>> [apiv2][body] POST https://upload-firebasehosting.googleapis.com/upload/sites/portfolio-0-point-1/versions/5e4c6e94db917f39/files/e2716d7ba410eb60918f6ab362b6faea8cee065e47a1bc11b026f54532bba6ae [stream]
[debug] [2023-12-11T00:46:49.307Z] >>> [apiv2][query] POST https://upload-firebasehosting.googleapis.com/upload/sites/portfolio-0-point-1/versions/5e4c6e94db917f39/files/13a4dd4938e59ea4563b848cf2645b3bf71bbb9edf156343868ccc28acfbb988 [none]
[debug] [2023-12-11T00:46:49.307Z] >>> [apiv2][body] POST https://upload-firebasehosting.googleapis.com/upload/sites/portfolio-0-point-1/versions/5e4c6e94db917f39/files/13a4dd4938e59ea4563b848cf2645b3bf71bbb9edf156343868ccc28acfbb988 [stream]
[debug] [2023-12-11T00:46:49.309Z] >>> [apiv2][query] POST https://upload-firebasehosting.googleapis.com/upload/sites/portfolio-0-point-1/versions/5e4c6e94db917f39/files/3ab22ec37698a2d8829f1764c161b2159000276010f164eb267cc0a1a979c826 [none]
[debug] [2023-12-11T00:46:49.309Z] >>> [apiv2][body] POST https://upload-firebasehosting.googleapis.com/upload/sites/portfolio-0-point-1/versions/5e4c6e94db917f39/files/3ab22ec37698a2d8829f1764c161b2159000276010f164eb267cc0a1a979c826 [stream]
[debug] [2023-12-11T00:46:49.312Z] >>> [apiv2][query] POST https://upload-firebasehosting.googleapis.com/upload/sites/portfolio-0-point-1/versions/5e4c6e94db917f39/files/4aa5547970447676de09a2f53b2d48ae8e88a285090e28a2c605f755e468bd2d [none]
[debug] [2023-12-11T00:46:49.312Z] >>> [apiv2][body] POST https://upload-firebasehosting.googleapis.com/upload/sites/portfolio-0-point-1/versions/5e4c6e94db917f39/files/4aa5547970447676de09a2f53b2d48ae8e88a285090e28a2c605f755e468bd2d [stream]
[debug] [2023-12-11T00:46:49.315Z] >>> [apiv2][query] POST https://upload-firebasehosting.googleapis.com/upload/sites/portfolio-0-point-1/versions/5e4c6e94db917f39/files/e08bf22af946cc21a9b9a1e9b08460b3ef2fe8c2fbf711426ca4594ed31daade [none]
[debug] [2023-12-11T00:46:49.315Z] >>> [apiv2][body] POST https://upload-firebasehosting.googleapis.com/upload/sites/portfolio-0-point-1/versions/5e4c6e94db917f39/files/e08bf22af946cc21a9b9a1e9b08460b3ef2fe8c2fbf711426ca4594ed31daade [stream]
[debug] [2023-12-11T00:46:49.319Z] [hosting][populate queue][FINAL] {"max":2485,"min":2485,"avg":2485,"active":0,"complete":1,"success":1,"errored":0,"retried":0,"total":1,"elapsed":2504}
[debug] [2023-12-11T00:46:49.319Z] [hosting] uploads queued: 6
[debug] [2023-12-11T00:46:52.898Z] <<< [apiv2][status] POST https://upload-firebasehosting.googleapis.com/upload/sites/portfolio-0-point-1/versions/5e4c6e94db917f39/files/e08bf22af946cc21a9b9a1e9b08460b3ef2fe8c2fbf711426ca4594ed31daade 200
[debug] [2023-12-11T00:46:52.898Z] <<< [apiv2][body] POST https://upload-firebasehosting.googleapis.com/upload/sites/portfolio-0-point-1/versions/5e4c6e94db917f39/files/e08bf22af946cc21a9b9a1e9b08460b3ef2fe8c2fbf711426ca4594ed31daade [stream]
[debug] [2023-12-11T00:46:56.791Z] <<< [apiv2][status] POST https://upload-firebasehosting.googleapis.com/upload/sites/portfolio-0-point-1/versions/5e4c6e94db917f39/files/3ab22ec37698a2d8829f1764c161b2159000276010f164eb267cc0a1a979c826 200
[debug] [2023-12-11T00:46:56.792Z] <<< [apiv2][body] POST https://upload-firebasehosting.googleapis.com/upload/sites/portfolio-0-point-1/versions/5e4c6e94db917f39/files/3ab22ec37698a2d8829f1764c161b2159000276010f164eb267cc0a1a979c826 [stream]
[debug] [2023-12-11T00:46:56.794Z] <<< [apiv2][status] POST https://upload-firebasehosting.googleapis.com/upload/sites/portfolio-0-point-1/versions/5e4c6e94db917f39/files/4aa5547970447676de09a2f53b2d48ae8e88a285090e28a2c605f755e468bd2d 200
[debug] [2023-12-11T00:46:56.795Z] <<< [apiv2][body] POST https://upload-firebasehosting.googleapis.com/upload/sites/portfolio-0-point-1/versions/5e4c6e94db917f39/files/4aa5547970447676de09a2f53b2d48ae8e88a285090e28a2c605f755e468bd2d [stream]
[debug] [2023-12-11T00:46:56.799Z] <<< [apiv2][status] POST https://upload-firebasehosting.googleapis.com/upload/sites/portfolio-0-point-1/versions/5e4c6e94db917f39/files/13a4dd4938e59ea4563b848cf2645b3bf71bbb9edf156343868ccc28acfbb988 200
[debug] [2023-12-11T00:46:56.800Z] <<< [apiv2][body] POST https://upload-firebasehosting.googleapis.com/upload/sites/portfolio-0-point-1/versions/5e4c6e94db917f39/files/13a4dd4938e59ea4563b848cf2645b3bf71bbb9edf156343868ccc28acfbb988 [stream]
[debug] [2023-12-11T00:47:04.677Z] <<< [apiv2][status] POST https://upload-firebasehosting.googleapis.com/upload/sites/portfolio-0-point-1/versions/5e4c6e94db917f39/files/2af72f9e194d7de2d3ad58c5e60950d8c5f811f9494fe76741007e9fb354de8e 200
[debug] [2023-12-11T00:47:04.677Z] <<< [apiv2][body] POST https://upload-firebasehosting.googleapis.com/upload/sites/portfolio-0-point-1/versions/5e4c6e94db917f39/files/2af72f9e194d7de2d3ad58c5e60950d8c5f811f9494fe76741007e9fb354de8e [stream]
[debug] [2023-12-11T00:47:04.748Z] <<< [apiv2][status] POST https://upload-firebasehosting.googleapis.com/upload/sites/portfolio-0-point-1/versions/5e4c6e94db917f39/files/e2716d7ba410eb60918f6ab362b6faea8cee065e47a1bc11b026f54532bba6ae 200
[debug] [2023-12-11T00:47:04.748Z] <<< [apiv2][body] POST https://upload-firebasehosting.googleapis.com/upload/sites/portfolio-0-point-1/versions/5e4c6e94db917f39/files/e2716d7ba410eb60918f6ab362b6faea8cee065e47a1bc11b026f54532bba6ae [stream]
[debug] [2023-12-11T00:47:04.748Z] [hosting][upload queue][FINAL] {"max":15450,"min":3599,"avg":9487,"active":0,"complete":6,"success":6,"errored":0,"retried":0,"total":6,"elapsed":15451}
[info] +  hosting[portfolio-0-point-1]: file upload complete 
[debug] [2023-12-11T00:47:04.752Z] [hosting] deploy completed after 18204ms
[debug] [2023-12-11T00:47:04.753Z] [
  {
    "config": {
      "public": "build",
      "ignore": [
        "firebase.json",
        "**/.*",
        "**/node_modules/**"
      ],
      "rewrites": [
        {
          "source": "**",
          "destination": "/index.html"
        }
      ],
      "site": "portfolio-0-point-1"
    },
    "version": "projects/353528483337/sites/portfolio-0-point-1/versions/5e4c6e94db917f39"
  }
]
[info] i  hosting[portfolio-0-point-1]: finalizing version... 
[debug] [2023-12-11T00:47:04.772Z] >>> [apiv2][query] PATCH https://firebasehosting.googleapis.com/v1beta1/projects/-/sites/portfolio-0-point-1/versions/5e4c6e94db917f39 updateMask=status%2Cconfig
[debug] [2023-12-11T00:47:04.772Z] >>> [apiv2][body] PATCH https://firebasehosting.googleapis.com/v1beta1/projects/-/sites/portfolio-0-point-1/versions/5e4c6e94db917f39 {"status":"FINALIZED","config":{"rewrites":[{"glob":"**","path":"/index.html"}]}}
[debug] [2023-12-11T00:47:40.695Z] *** [apiv2] error from fetch(https://firebasehosting.googleapis.com/v1beta1/projects/-/sites/portfolio-0-point-1/versions/5e4c6e94db917f39?updateMask=status%2Cconfig, {"headers":{},"method":"PATCH","body":"{\"status\":\"FINALIZED\",\"config\":{\"rewrites\":[{\"glob\":\"**\",\"path\":\"/index.html\"}]}}"}): FetchError: request to https://firebasehosting.googleapis.com/v1beta1/projects/-/sites/portfolio-0-point-1/versions/5e4c6e94db917f39?updateMask=status%2Cconfig failed, reason: socket hang up
[debug] [2023-12-11T00:47:45.707Z] Error: Timed out.
    at Timeout._onTimeout (C:\Users\ADMIN\AppData\Roaming\npm\node_modules\firebase-tools\lib\utils.js:258:49)
    at listOnTimeout (node:internal/timers:564:17)
    at process.processTimers (node:internal/timers:507:7)
[error] 
[error] Error: An unexpected error has occurred.
